<?xml version="1.0" encoding="UTF-8"?>
<testng-results ignored="0" total="3" passed="3" failed="0" skipped="0">
  <reporter-output>
  </reporter-output>
  <suite started-at="2024-03-24T20:42:46 IST" name="Test suite" finished-at="2024-03-24T20:43:14 IST" duration-ms="27937">
    <groups>
    </groups>
    <test started-at="2024-03-24T20:42:46 IST" name="Test case" finished-at="2024-03-24T20:43:14 IST" duration-ms="27937">
      <class name="org.ng.Sample4">
        <test-method is-config="true" signature="setUp(java.lang.String)[pri:0, instance:org.ng.Sample4@1817d444]" started-at="2024-03-24T20:42:46 IST" name="setUp" finished-at="2024-03-24T20:43:00 IST" duration-ms="14114" status="PASS">
          <params>
            <param index="0">
              <value>
                <![CDATA[https://www.amazon.in/]]>
              </value>
            </param>
          </params>
          <reporter-output>
          </reporter-output>
        </test-method> <!-- setUp -->
        <test-method signature="testTitle(java.lang.String)[pri:0, instance:org.ng.Sample4@1817d444]" started-at="2024-03-24T20:43:01 IST" name="testTitle" finished-at="2024-03-24T20:43:01 IST" duration-ms="112" status="PASS">
          <params>
            <param index="0">
              <value>
                <![CDATA[Online Shopping site in India: Shop Online for Mobiles, Books, Watches, Shoes and More - Amazon.in]]>
              </value>
            </param>
          </params>
          <reporter-output>
          </reporter-output>
        </test-method> <!-- testTitle -->
        <test-method signature="testUrl(java.lang.String)[pri:1, instance:org.ng.Sample4@1817d444]" started-at="2024-03-24T20:43:01 IST" name="testUrl" finished-at="2024-03-24T20:43:01 IST" duration-ms="99" status="PASS">
          <params>
            <param index="0">
              <value>
                <![CDATA[https://www.amazon.in/]]>
              </value>
            </param>
          </params>
          <reporter-output>
          </reporter-output>
        </test-method> <!-- testUrl -->
        <test-method signature="testLink(java.lang.String)[pri:2, instance:org.ng.Sample4@1817d444]" started-at="2024-03-24T20:43:01 IST" name="testLink" finished-at="2024-03-24T20:43:13 IST" duration-ms="12391" status="PASS">
          <params>
            <param index="0">
              <value>
                <![CDATA[Amazon Fashion: Clothing, Footwear and Accessories online for Men, Women and Kids]]>
              </value>
            </param>
          </params>
          <reporter-output>
          </reporter-output>
        </test-method> <!-- testLink -->
        <test-method is-config="true" signature="tearDown()[pri:0, instance:org.ng.Sample4@1817d444]" started-at="2024-03-24T20:43:14 IST" name="tearDown" finished-at="2024-03-24T20:43:14 IST" duration-ms="780" status="PASS">
          <reporter-output>
          </reporter-output>
        </test-method> <!-- tearDown -->
      </class> <!-- org.ng.Sample4 -->
    </test> <!-- Test case -->
  </suite> <!-- Test suite -->
</testng-results>
